2021-04-16 15:24:02,823 - confsolve - INFO - Started optimizing the conformers for C([C@@H](C(=O)O)N)S
2021-04-16 15:24:02,840 - confsolve - INFO - Determined initial structure with 14 atoms
2021-04-16 15:24:02,841 - confsolve - INFO - Detected 5 dihedral angles
2021-04-16 15:24:12,254 - confopt.solver - INFO - Computed initial energy: -19641.617833121018
2021-04-16 15:24:37,276 - confsolve - INFO - Started optimizing the conformers for C([C@@H](C(=O)O)N)S
2021-04-16 15:24:37,293 - confsolve - INFO - Determined initial structure with 14 atoms
2021-04-16 15:24:37,294 - confsolve - INFO - Detected 5 dihedral angles
2021-04-16 15:24:46,592 - confopt.solver - INFO - Computed initial energy: -19641.617831296353
2021-04-16 15:24:52,792 - confopt.solver - INFO - Evaluated initial guess 1/4. Energy-E0: 0.37339024693210376
2021-04-16 15:24:58,633 - confopt.solver - INFO - Evaluated initial guess 2/4. Energy-E0: 0.07696703158944729
2021-04-16 15:25:03,345 - confopt.solver - INFO - Evaluated initial guess 3/4. Energy-E0: 0.0038774144486524165
2021-04-16 15:25:09,548 - confopt.solver - INFO - Evaluated initial guess 4/4. Energy-E0: 0.13747740392500418
2021-04-16 15:25:14,559 - confopt.solver - DEBUG - Generated 8716 new points to evaluate
2021-04-16 15:25:21,184 - confopt.solver - INFO - Evaluated energy in step 1/32: Energy-E0: -0.06003007979597896
2021-04-16 15:25:22,887 - confopt.solver - DEBUG - Generated 827 new points to evaluate
2021-04-16 15:25:27,449 - confopt.solver - INFO - Evaluated energy in step 2/32: Energy-E0: 0.31502791151433485
2021-04-16 15:25:32,905 - confopt.solver - DEBUG - Generated 7619 new points to evaluate
2021-04-16 15:25:41,891 - confopt.solver - INFO - Evaluated energy in step 3/32: Energy-E0: 0.4271234056650428
2021-04-16 15:25:43,647 - confopt.solver - DEBUG - Generated 608 new points to evaluate
2021-04-16 15:25:48,820 - confopt.solver - INFO - Evaluated energy in step 4/32: Energy-E0: 0.33070706046783016
2021-04-16 15:25:56,333 - confopt.solver - DEBUG - Generated 9618 new points to evaluate
2021-04-16 15:26:05,755 - confopt.solver - INFO - Evaluated energy in step 5/32: Energy-E0: 0.2262380603933707
2021-04-16 15:26:14,540 - confopt.solver - DEBUG - Generated 10817 new points to evaluate
2021-04-16 15:26:23,537 - confopt.solver - INFO - Evaluated energy in step 6/32: Energy-E0: 0.17134644172983826
2021-04-16 15:26:25,783 - confopt.solver - DEBUG - Generated 688 new points to evaluate
2021-04-16 15:26:31,939 - confopt.solver - INFO - Evaluated energy in step 7/32: Energy-E0: 0.4423190182315011
2021-04-16 15:26:34,230 - confopt.solver - DEBUG - Generated 677 new points to evaluate
2021-04-16 15:26:45,146 - confopt.solver - INFO - Evaluated energy in step 8/32: Energy-E0: 0.4466836184001295
2021-04-16 15:26:48,506 - confsolve - INFO - Started optimizing the conformers for C([C@@H](C(=O)O)N)S
2021-04-16 15:26:48,523 - confsolve - INFO - Determined initial structure with 14 atoms
2021-04-16 15:26:48,524 - confsolve - INFO - Detected 5 dihedral angles
2021-04-16 15:26:57,124 - confopt.solver - INFO - Computed initial energy: -19641.617835148423
2021-04-16 15:27:00,137 - confopt.solver - INFO - Evaluated initial guess 1/4. Energy-E0: 0.03989043435649364
2021-04-16 15:27:03,920 - confopt.solver - INFO - Evaluated initial guess 2/4. Energy-E0: 0.15353344770119293
2021-04-16 15:27:07,757 - confopt.solver - INFO - Evaluated initial guess 3/4. Energy-E0: 0.0033004146280291025
2021-04-16 15:27:12,608 - confopt.solver - INFO - Evaluated initial guess 4/4. Energy-E0: 0.18072380384546705
2021-04-16 15:27:17,691 - confopt.solver - DEBUG - Generated 9098 new points to evaluate
2021-04-16 15:27:25,250 - confopt.solver - INFO - Evaluated energy in step 1/32: Energy-E0: 0.37881619426843827
2021-04-16 15:27:54,000 - confsolve - INFO - Started optimizing the conformers for C([C@@H](C(=O)O)N)S
2021-04-16 15:27:54,017 - confsolve - INFO - Determined initial structure with 14 atoms
2021-04-16 15:27:54,018 - confsolve - INFO - Detected 5 dihedral angles
2021-04-16 15:28:02,078 - confopt.solver - INFO - Computed initial energy: -19641.617835553905
2021-04-16 15:28:06,754 - confopt.solver - INFO - Evaluated initial guess 1/4. Energy-E0: 0.2934139362514543
2021-04-16 15:28:10,297 - confopt.solver - INFO - Evaluated initial guess 2/4. Energy-E0: 0.6329475125567114
2021-04-16 15:28:17,078 - confopt.solver - INFO - Evaluated initial guess 3/4. Energy-E0: 0.35768879650640883
2021-04-16 15:28:23,252 - confopt.solver - INFO - Evaluated initial guess 4/4. Energy-E0: 0.23357483811923885
2021-04-16 15:28:28,352 - confopt.solver - DEBUG - Generated 8483 new points to evaluate
2021-04-16 15:28:34,156 - confopt.solver - INFO - Evaluated energy in step 1/32: Energy-E0: -0.07760992210751283
2021-04-16 15:28:35,745 - confopt.solver - DEBUG - Generated 606 new points to evaluate
2021-04-16 15:28:41,894 - confopt.solver - INFO - Evaluated energy in step 2/32: Energy-E0: 0.08743250263432856
2021-04-16 15:28:43,665 - confopt.solver - DEBUG - Generated 682 new points to evaluate
2021-04-16 15:28:50,137 - confopt.solver - INFO - Evaluated energy in step 3/32: Energy-E0: 0.5528791576325602
2021-04-16 15:28:54,412 - confopt.solver - DEBUG - Generated 5375 new points to evaluate
2021-04-16 15:29:01,086 - confopt.solver - INFO - Evaluated energy in step 4/32: Energy-E0: 0.6161577504572051
2021-04-16 15:29:02,958 - confopt.solver - DEBUG - Generated 749 new points to evaluate
2021-04-16 15:29:07,130 - confopt.solver - INFO - Evaluated energy in step 5/32: Energy-E0: 0.3369674882160325
2021-04-16 15:29:09,307 - confopt.solver - DEBUG - Generated 834 new points to evaluate
2021-04-16 15:29:15,042 - confopt.solver - INFO - Evaluated energy in step 6/32: Energy-E0: 0.18713790898982552
2021-04-16 15:29:17,327 - confopt.solver - DEBUG - Generated 668 new points to evaluate
2021-04-16 15:29:24,363 - confopt.solver - INFO - Evaluated energy in step 7/32: Energy-E0: 0.3503799969876127
2021-04-16 15:29:26,741 - confopt.solver - DEBUG - Generated 601 new points to evaluate
2021-04-16 15:29:34,753 - confopt.solver - INFO - Evaluated energy in step 8/32: Energy-E0: 0.5047823910063016
2021-04-16 15:29:37,135 - confopt.solver - DEBUG - Generated 675 new points to evaluate
2021-04-16 15:29:45,539 - confopt.solver - INFO - Evaluated energy in step 9/32: Energy-E0: 0.596546244349156
2021-04-16 15:29:48,587 - confopt.solver - DEBUG - Generated 748 new points to evaluate
2021-04-16 15:29:50,961 - confsolve - INFO - Started optimizing the conformers for C([C@@H](C(=O)O)N)S
2021-04-16 15:29:50,978 - confsolve - INFO - Determined initial structure with 14 atoms
2021-04-16 15:29:50,979 - confsolve - INFO - Detected 5 dihedral angles
2021-04-16 15:29:58,348 - confopt.solver - INFO - Computed initial energy: -19641.617834337463
2021-04-16 15:30:06,981 - confopt.solver - INFO - Evaluated initial guess 1/4. Energy-E0: 0.3378305550577352
2021-04-16 15:30:11,683 - confopt.solver - INFO - Evaluated initial guess 2/4. Energy-E0: 0.28082009412537445
2021-04-16 15:30:19,123 - confopt.solver - INFO - Evaluated initial guess 3/4. Energy-E0: 0.45090183983847965
2021-04-16 15:30:25,457 - confopt.solver - INFO - Evaluated initial guess 4/4. Energy-E0: 0.20499226210813504
2021-04-16 15:30:32,369 - confopt.solver - DEBUG - Generated 12211 new points to evaluate
2021-04-16 15:30:40,966 - confopt.solver - INFO - Evaluated energy in step 1/32: Energy-E0: 0.47227982501135557
2021-04-16 15:49:01,020 - confsolve - INFO - Started optimizing the conformers for C([C@@H](C(=O)O)N)S
2021-04-16 15:49:01,037 - confsolve - INFO - Determined initial structure with 14 atoms
2021-04-16 15:49:01,038 - confsolve - INFO - Detected 5 dihedral angles
2021-04-16 15:49:09,506 - confopt.solver - INFO - Computed initial energy: -19641.617832715536
2021-04-16 15:49:14,530 - confopt.solver - INFO - Evaluated initial guess 1/4. Energy-E0: 0.5022781388070143
2021-04-16 15:49:18,415 - confopt.solver - INFO - Evaluated initial guess 2/4. Energy-E0: 0.521477675967617
2021-04-16 15:49:21,981 - confopt.solver - INFO - Evaluated initial guess 3/4. Energy-E0: 0.26139389294257853
2021-04-16 15:49:27,123 - confopt.solver - INFO - Evaluated initial guess 4/4. Energy-E0: 0.2741620920060086
2021-04-16 15:49:33,823 - confopt.solver - DEBUG - Generated 12311 new points to evaluate
2021-04-16 15:49:42,186 - confopt.solver - INFO - Evaluated energy in step 1/4: Energy-E0: 0.38206653196539264
2021-04-16 15:49:48,452 - confopt.solver - DEBUG - Generated 10376 new points to evaluate
2021-04-16 15:49:59,949 - confopt.solver - INFO - Evaluated energy in step 2/4: Energy-E0: 0.17945951330693788
2021-04-16 15:50:07,265 - confopt.solver - DEBUG - Generated 10662 new points to evaluate
2021-04-16 15:50:18,994 - confopt.solver - INFO - Evaluated energy in step 3/4: Energy-E0: 0.29707016067550285
2021-04-16 15:50:26,667 - confopt.solver - DEBUG - Generated 10650 new points to evaluate
2021-04-16 15:50:38,993 - confopt.solver - INFO - Evaluated energy in step 4/4: Energy-E0: 0.1306561956043879
2021-04-16 15:50:39,402 - confopt.solver - INFO - Performed final relaxation with dihedral constraints.E: -19641.48717651993. E-E0: 0.1306561956043879
2021-04-16 15:50:45,854 - confopt.solver - INFO - Performed final relaxation without dihedral constraints.E: -19641.630472174304. E-E0: -0.01263945876780781
2021-04-16 15:53:19,555 - confsolve - INFO - Started optimizing the conformers for C([C@@H](C(=O)O)N)S
2021-04-16 15:53:19,571 - confsolve - INFO - Determined initial structure with 14 atoms
2021-04-16 15:53:19,573 - confsolve - INFO - Detected 5 dihedral angles
2021-04-16 15:53:29,704 - confopt.solver - INFO - Computed initial energy: -19641.617832715536
2021-04-16 15:53:34,326 - confopt.solver - INFO - Evaluated initial guess 1/4. Energy-E0: 0.18677398956788238
2021-04-16 15:53:38,045 - confopt.solver - INFO - Evaluated initial guess 2/4. Energy-E0: 0.17999211293135886
2021-04-16 15:53:43,935 - confopt.solver - INFO - Evaluated initial guess 3/4. Energy-E0: 0.20990770855132723
2021-04-16 15:53:50,164 - confopt.solver - INFO - Evaluated initial guess 4/4. Energy-E0: 0.19289594547080924
2021-04-16 15:54:04,054 - confopt.solver - INFO - Evaluated energy in step 1/4: Energy-E0: 0.7471231255185558
2021-04-16 15:54:21,508 - confopt.solver - INFO - Evaluated energy in step 2/4: Energy-E0: 0.6536974072732846
2021-04-16 15:54:39,855 - confopt.solver - INFO - Evaluated energy in step 3/4: Energy-E0: 0.2664820744030294
2021-04-16 15:54:57,456 - confopt.solver - INFO - Evaluated energy in step 4/4: Energy-E0: 0.07261074378402554
2021-04-16 15:54:57,862 - confopt.solver - INFO - Performed final relaxation with dihedral constraints.E: -19641.54522197175. E-E0: 0.07261074378402554
2021-04-16 15:55:15,280 - confopt.solver - INFO - Performed final relaxation without dihedral constraints.E: -19641.817006727197. E-E0: -0.1991740116609435
2021-04-16 15:55:15,281 - confsolve - INFO - Done.
2021-04-16 15:56:15,991 - confsolve - INFO - Started optimizing the conformers for C([C@@H](C(=O)O)N)S
2021-04-16 15:56:16,008 - confsolve - INFO - Determined initial structure with 14 atoms
2021-04-16 15:56:16,009 - confsolve - INFO - Detected 5 dihedral angles
2021-04-16 15:56:26,598 - confopt.solver - INFO - Computed initial energy: -19641.61783372924
2021-04-16 15:56:36,000 - confopt.solver - INFO - Evaluated initial guess 1/4. Energy-E0: 0.23463294144312385
2021-04-16 15:56:42,163 - confopt.solver - INFO - Evaluated initial guess 2/4. Energy-E0: 0.30828212270716904
2021-04-16 15:56:50,227 - confopt.solver - INFO - Evaluated initial guess 3/4. Energy-E0: 0.35219553928254754
2021-04-16 15:56:55,832 - confopt.solver - INFO - Evaluated initial guess 4/4. Energy-E0: 0.24898069271512213
2021-04-16 15:57:09,877 - confopt.solver - INFO - Evaluated energy in step 1/32: Energy-E0: 0.5451368986541638
2021-04-16 15:57:21,059 - confopt.solver - INFO - Evaluated energy in step 2/32: Energy-E0: 0.3580662995518651
2021-04-16 15:57:35,847 - confopt.solver - INFO - Evaluated energy in step 3/32: Energy-E0: 0.1994929226602835
2021-04-16 15:57:51,631 - confopt.solver - INFO - Evaluated energy in step 4/32: Energy-E0: 0.1761365944694262
2021-04-16 15:58:08,464 - confopt.solver - INFO - Evaluated energy in step 5/32: Energy-E0: -0.005588950800301973
2021-04-16 15:58:22,775 - confopt.solver - INFO - Evaluated energy in step 6/32: Energy-E0: 0.15620962394677917
2021-04-16 15:58:39,062 - confopt.solver - INFO - Evaluated energy in step 7/32: Energy-E0: 0.29371115400863346
2021-04-16 15:58:55,770 - confopt.solver - INFO - Evaluated energy in step 8/32: Energy-E0: 0.4322953190021508
2021-04-16 15:59:18,285 - confopt.solver - INFO - Evaluated energy in step 9/32: Energy-E0: -0.20910911323153414
2021-04-16 15:59:37,411 - confopt.solver - INFO - Evaluated energy in step 10/32: Energy-E0: 0.19814165639763814
2021-04-16 15:59:59,935 - confopt.solver - INFO - Evaluated energy in step 11/32: Energy-E0: -0.11860630657611182
2021-04-16 16:00:18,855 - confopt.solver - INFO - Evaluated energy in step 12/32: Energy-E0: 0.2667123877508857
2021-04-16 16:00:39,037 - confopt.solver - INFO - Evaluated energy in step 13/32: Energy-E0: -0.25767927921697265
2021-04-16 16:00:56,345 - confopt.solver - INFO - Evaluated energy in step 14/32: Energy-E0: -0.22070020022874814
2021-04-16 16:01:17,872 - confopt.solver - INFO - Evaluated energy in step 15/32: Energy-E0: -0.051663176956935786
2021-04-16 16:01:37,431 - confopt.solver - INFO - Evaluated energy in step 16/32: Energy-E0: -0.14388785974006169
2021-04-16 16:01:57,208 - confopt.solver - INFO - Evaluated energy in step 17/32: Energy-E0: 0.24014160695514875
2021-04-16 16:02:17,257 - confopt.solver - INFO - Evaluated energy in step 18/32: Energy-E0: -0.2836164955588174
2021-04-16 16:02:40,067 - confopt.solver - INFO - Evaluated energy in step 19/32: Energy-E0: -0.0826273470884189
2021-04-16 16:03:06,351 - confopt.solver - INFO - Evaluated energy in step 20/32: Energy-E0: 0.08952782699270756
2021-04-16 16:03:31,262 - confopt.solver - INFO - Evaluated energy in step 21/32: Energy-E0: 0.16098071906890254
2021-04-16 16:03:57,350 - confopt.solver - INFO - Evaluated energy in step 22/32: Energy-E0: 0.010343826674215961
2021-04-16 16:04:24,499 - confopt.solver - INFO - Evaluated energy in step 23/32: Energy-E0: -0.07698203439213103
2021-04-16 16:04:50,533 - confopt.solver - INFO - Evaluated energy in step 24/32: Energy-E0: 0.032415793008112814
2021-04-16 16:05:14,482 - confopt.solver - INFO - Evaluated energy in step 25/32: Energy-E0: -0.3468115592513641
2021-04-16 16:05:41,145 - confopt.solver - INFO - Evaluated energy in step 26/32: Energy-E0: -0.06834427007561317
2021-04-16 16:06:10,896 - confopt.solver - INFO - Evaluated energy in step 27/32: Energy-E0: 0.07460226494004019
2021-04-16 16:06:43,269 - confopt.solver - INFO - Evaluated energy in step 28/32: Energy-E0: -0.09826331229123753
2021-04-16 16:07:15,931 - confopt.solver - INFO - Evaluated energy in step 29/32: Energy-E0: 0.0023307062219828367
2021-04-16 16:07:51,380 - confopt.solver - INFO - Evaluated energy in step 30/32: Energy-E0: 0.48683639912633225
2021-04-16 16:08:26,378 - confopt.solver - INFO - Evaluated energy in step 31/32: Energy-E0: -0.02532291224997607
2021-04-16 16:08:55,756 - confopt.solver - INFO - Evaluated energy in step 32/32: Energy-E0: -0.28820755700871814
2021-04-16 16:09:04,474 - confopt.solver - INFO - Performed final relaxation with dihedral constraints.E: -19641.964646910415. E-E0: -0.34681318117509363
2021-04-16 16:09:11,380 - confopt.solver - INFO - Performed final relaxation without dihedral constraints.E: -19642.081855320383. E-E0: -0.4640215911422274
2021-04-16 16:09:11,380 - confsolve - INFO - Done.
